<?xml version="1.0" encoding="UTF-8"?>
<testsuite xmlns:xsi="http://www.w3.org/2001/XMLSchema-instance" xsi:noNamespaceSchemaLocation="https://maven.apache.org/surefire/maven-surefire-plugin/xsd/surefire-test-report.xsd" name="TestSuite" time="34.067" tests="3" errors="0" skipped="0" failures="1">
  <properties>
    <property name="gopherProxySet" value="false"/>
    <property name="awt.toolkit" value="sun.lwawt.macosx.LWCToolkit"/>
    <property name="file.encoding.pkg" value="sun.io"/>
    <property name="java.specification.version" value="1.8"/>
    <property name="sun.cpu.isalist" value=""/>
    <property name="sun.jnu.encoding" value="UTF-8"/>
    <property name="java.class.path" value="/Users/dheerajgambhir/eclipse-workspace/ER2/ERParallel/target/test-classes:/Users/dheerajgambhir/eclipse-workspace/ER2/ERParallel/target/classes:/Users/dheerajgambhir/.m2/repository/com/aventstack/extentreports/4.1.5/extentreports-4.1.5.jar:/Users/dheerajgambhir/.m2/repository/org/freemarker/freemarker/2.3.29/freemarker-2.3.29.jar:/Users/dheerajgambhir/.m2/repository/org/apache/httpcomponents/httpclient/4.5.2/httpclient-4.5.2.jar:/Users/dheerajgambhir/.m2/repository/org/apache/httpcomponents/httpcore/4.4.4/httpcore-4.4.4.jar:/Users/dheerajgambhir/.m2/repository/commons-logging/commons-logging/1.2/commons-logging-1.2.jar:/Users/dheerajgambhir/.m2/repository/commons-codec/commons-codec/1.9/commons-codec-1.9.jar:/Users/dheerajgambhir/.m2/repository/org/apache/httpcomponents/httpmime/4.5.2/httpmime-4.5.2.jar:/Users/dheerajgambhir/.m2/repository/com/google/code/gson/gson/2.8.6/gson-2.8.6.jar:/Users/dheerajgambhir/.m2/repository/org/mongodb/mongodb-driver/3.12.0/mongodb-driver-3.12.0.jar:/Users/dheerajgambhir/.m2/repository/org/mongodb/mongodb-driver-core/3.12.0/mongodb-driver-core-3.12.0.jar:/Users/dheerajgambhir/.m2/repository/org/mongodb/bson/3.12.0/bson-3.12.0.jar:/Users/dheerajgambhir/.m2/repository/org/testng/testng/6.14.2/testng-6.14.2.jar:/Users/dheerajgambhir/.m2/repository/com/beust/jcommander/1.72/jcommander-1.72.jar:/Users/dheerajgambhir/.m2/repository/org/apache-extras/beanshell/bsh/2.0b6/bsh-2.0b6.jar:/Users/dheerajgambhir/.m2/repository/commons-io/commons-io/2.7/commons-io-2.7.jar:/Users/dheerajgambhir/.m2/repository/org/seleniumhq/selenium/selenium-java/4.0.0-alpha-6/selenium-java-4.0.0-alpha-6.jar:/Users/dheerajgambhir/.m2/repository/org/seleniumhq/selenium/selenium-api/4.0.0-alpha-6/selenium-api-4.0.0-alpha-6.jar:/Users/dheerajgambhir/.m2/repository/org/seleniumhq/selenium/selenium-chrome-driver/4.0.0-alpha-6/selenium-chrome-driver-4.0.0-alpha-6.jar:/Users/dheerajgambhir/.m2/repository/com/google/auto/service/auto-service-annotations/1.0-rc6/auto-service-annotations-1.0-rc6.jar:/Users/dheerajgambhir/.m2/repository/com/google/auto/service/auto-service/1.0-rc6/auto-service-1.0-rc6.jar:/Users/dheerajgambhir/.m2/repository/com/google/auto/auto-common/0.10/auto-common-0.10.jar:/Users/dheerajgambhir/.m2/repository/com/google/guava/guava/29.0-jre/guava-29.0-jre.jar:/Users/dheerajgambhir/.m2/repository/com/google/guava/failureaccess/1.0.1/failureaccess-1.0.1.jar:/Users/dheerajgambhir/.m2/repository/com/google/guava/listenablefuture/9999.0-empty-to-avoid-conflict-with-guava/listenablefuture-9999.0-empty-to-avoid-conflict-with-guava.jar:/Users/dheerajgambhir/.m2/repository/com/google/code/findbugs/jsr305/3.0.2/jsr305-3.0.2.jar:/Users/dheerajgambhir/.m2/repository/org/checkerframework/checker-qual/2.11.1/checker-qual-2.11.1.jar:/Users/dheerajgambhir/.m2/repository/com/google/errorprone/error_prone_annotations/2.3.4/error_prone_annotations-2.3.4.jar:/Users/dheerajgambhir/.m2/repository/com/google/j2objc/j2objc-annotations/1.3/j2objc-annotations-1.3.jar:/Users/dheerajgambhir/.m2/repository/org/seleniumhq/selenium/selenium-chromium-driver/4.0.0-alpha-6/selenium-chromium-driver-4.0.0-alpha-6.jar:/Users/dheerajgambhir/.m2/repository/org/seleniumhq/selenium/selenium-devtools/4.0.0-alpha-6/selenium-devtools-4.0.0-alpha-6.jar:/Users/dheerajgambhir/.m2/repository/org/seleniumhq/selenium/selenium-http/4.0.0-alpha-6/selenium-http-4.0.0-alpha-6.jar:/Users/dheerajgambhir/.m2/repository/org/seleniumhq/selenium/selenium-json/4.0.0-alpha-6/selenium-json-4.0.0-alpha-6.jar:/Users/dheerajgambhir/.m2/repository/org/seleniumhq/selenium/selenium-edge-driver/4.0.0-alpha-6/selenium-edge-driver-4.0.0-alpha-6.jar:/Users/dheerajgambhir/.m2/repository/org/seleniumhq/selenium/selenium-edgehtml-driver/4.0.0-alpha-6/selenium-edgehtml-driver-4.0.0-alpha-6.jar:/Users/dheerajgambhir/.m2/repository/org/seleniumhq/selenium/selenium-firefox-driver/4.0.0-alpha-6/selenium-firefox-driver-4.0.0-alpha-6.jar:/Users/dheerajgambhir/.m2/repository/org/seleniumhq/selenium/selenium-firefox-xpi-driver/4.0.0-alpha-6/selenium-firefox-xpi-driver-4.0.0-alpha-6.jar:/Users/dheerajgambhir/.m2/repository/org/seleniumhq/selenium/selenium-ie-driver/4.0.0-alpha-6/selenium-ie-driver-4.0.0-alpha-6.jar:/Users/dheerajgambhir/.m2/repository/org/seleniumhq/selenium/selenium-opera-driver/4.0.0-alpha-6/selenium-opera-driver-4.0.0-alpha-6.jar:/Users/dheerajgambhir/.m2/repository/org/seleniumhq/selenium/selenium-remote-driver/4.0.0-alpha-6/selenium-remote-driver-4.0.0-alpha-6.jar:/Users/dheerajgambhir/.m2/repository/com/squareup/okhttp3/okhttp/4.5.0/okhttp-4.5.0.jar:/Users/dheerajgambhir/.m2/repository/org/jetbrains/kotlin/kotlin-stdlib/1.3.70/kotlin-stdlib-1.3.70.jar:/Users/dheerajgambhir/.m2/repository/org/jetbrains/annotations/13.0/annotations-13.0.jar:/Users/dheerajgambhir/.m2/repository/com/squareup/okio/okio/2.6.0/okio-2.6.0.jar:/Users/dheerajgambhir/.m2/repository/org/jetbrains/kotlin/kotlin-stdlib-common/1.3.70/kotlin-stdlib-common-1.3.70.jar:/Users/dheerajgambhir/.m2/repository/com/typesafe/netty/netty-reactive-streams/2.0.4/netty-reactive-streams-2.0.4.jar:/Users/dheerajgambhir/.m2/repository/io/netty/netty-handler/4.1.43.Final/netty-handler-4.1.43.Final.jar:/Users/dheerajgambhir/.m2/repository/org/reactivestreams/reactive-streams/1.0.3/reactive-streams-1.0.3.jar:/Users/dheerajgambhir/.m2/repository/io/grpc/grpc-context/1.28.0/grpc-context-1.28.0.jar:/Users/dheerajgambhir/.m2/repository/io/netty/netty-buffer/4.1.49.Final/netty-buffer-4.1.49.Final.jar:/Users/dheerajgambhir/.m2/repository/io/netty/netty-common/4.1.49.Final/netty-common-4.1.49.Final.jar:/Users/dheerajgambhir/.m2/repository/io/netty/netty-codec-http/4.1.49.Final/netty-codec-http-4.1.49.Final.jar:/Users/dheerajgambhir/.m2/repository/io/netty/netty-codec/4.1.49.Final/netty-codec-4.1.49.Final.jar:/Users/dheerajgambhir/.m2/repository/io/netty/netty-transport-native-epoll/4.1.49.Final/netty-transport-native-epoll-4.1.49.Final.jar:/Users/dheerajgambhir/.m2/repository/io/netty/netty-transport-native-epoll/4.1.49.Final/netty-transport-native-epoll-4.1.49.Final-linux-x86_64.jar:/Users/dheerajgambhir/.m2/repository/io/netty/netty-transport-native-kqueue/4.1.49.Final/netty-transport-native-kqueue-4.1.49.Final.jar:/Users/dheerajgambhir/.m2/repository/io/netty/netty-transport-native-kqueue/4.1.49.Final/netty-transport-native-kqueue-4.1.49.Final-osx-x86_64.jar:/Users/dheerajgambhir/.m2/repository/io/netty/netty-transport-native-unix-common/4.1.49.Final/netty-transport-native-unix-common-4.1.49.Final.jar:/Users/dheerajgambhir/.m2/repository/io/netty/netty-transport/4.1.49.Final/netty-transport-4.1.49.Final.jar:/Users/dheerajgambhir/.m2/repository/io/netty/netty-resolver/4.1.49.Final/netty-resolver-4.1.49.Final.jar:/Users/dheerajgambhir/.m2/repository/io/opentelemetry/opentelemetry-api/0.4.0/opentelemetry-api-0.4.0.jar:/Users/dheerajgambhir/.m2/repository/io/opentelemetry/opentelemetry-context-prop/0.4.0/opentelemetry-context-prop-0.4.0.jar:/Users/dheerajgambhir/.m2/repository/io/opentelemetry/opentelemetry-sdk/0.4.0/opentelemetry-sdk-0.4.0.jar:/Users/dheerajgambhir/.m2/repository/io/projectreactor/netty/reactor-netty/0.9.6.RELEASE/reactor-netty-0.9.6.RELEASE.jar:/Users/dheerajgambhir/.m2/repository/io/netty/netty-codec-http2/4.1.48.Final/netty-codec-http2-4.1.48.Final.jar:/Users/dheerajgambhir/.m2/repository/io/netty/netty-handler-proxy/4.1.48.Final/netty-handler-proxy-4.1.48.Final.jar:/Users/dheerajgambhir/.m2/repository/io/projectreactor/reactor-core/3.3.5.RELEASE/reactor-core-3.3.5.RELEASE.jar:/Users/dheerajgambhir/.m2/repository/net/bytebuddy/byte-buddy/1.10.9/byte-buddy-1.10.9.jar:/Users/dheerajgambhir/.m2/repository/org/apache/commons/commons-exec/1.3/commons-exec-1.3.jar:/Users/dheerajgambhir/.m2/repository/org/asynchttpclient/async-http-client/2.12.1/async-http-client-2.12.1.jar:/Users/dheerajgambhir/.m2/repository/org/asynchttpclient/async-http-client-netty-utils/2.12.1/async-http-client-netty-utils-2.12.1.jar:/Users/dheerajgambhir/.m2/repository/io/netty/netty-codec-socks/4.1.48.Final/netty-codec-socks-4.1.48.Final.jar:/Users/dheerajgambhir/.m2/repository/com/sun/activation/javax.activation/1.2.0/javax.activation-1.2.0.jar:/Users/dheerajgambhir/.m2/repository/org/seleniumhq/selenium/selenium-safari-driver/4.0.0-alpha-6/selenium-safari-driver-4.0.0-alpha-6.jar:/Users/dheerajgambhir/.m2/repository/org/seleniumhq/selenium/selenium-support/4.0.0-alpha-6/selenium-support-4.0.0-alpha-6.jar:/Users/dheerajgambhir/.m2/repository/io/github/bonigarcia/webdrivermanager/4.0.0/webdrivermanager-4.0.0.jar:/Users/dheerajgambhir/.m2/repository/org/slf4j/slf4j-api/1.7.30/slf4j-api-1.7.30.jar:/Users/dheerajgambhir/.m2/repository/org/apache/commons/commons-lang3/3.10/commons-lang3-3.10.jar:/Users/dheerajgambhir/.m2/repository/org/apache/httpcomponents/client5/httpclient5/5.0/httpclient5-5.0.jar:/Users/dheerajgambhir/.m2/repository/org/apache/httpcomponents/core5/httpcore5/5.0/httpcore5-5.0.jar:/Users/dheerajgambhir/.m2/repository/org/apache/httpcomponents/core5/httpcore5-h2/5.0/httpcore5-h2-5.0.jar:/Users/dheerajgambhir/.m2/repository/org/rauschig/jarchivelib/1.0.0/jarchivelib-1.0.0.jar:/Users/dheerajgambhir/.m2/repository/org/apache/commons/commons-compress/1.18/commons-compress-1.18.jar:/Users/dheerajgambhir/.m2/repository/org/jsoup/jsoup/1.13.1/jsoup-1.13.1.jar:/Users/dheerajgambhir/.m2/repository/javax/annotation/javax.annotation-api/1.2/javax.annotation-api-1.2.jar:/Users/dheerajgambhir/.m2/repository/org/apache/maven/surefire/surefire-testng-utils/2.22.0/surefire-testng-utils-2.22.0.jar:/Users/dheerajgambhir/.m2/repository/org/apache/maven/surefire/surefire-grouper/2.22.0/surefire-grouper-2.22.0.jar:"/>
    <property name="java.vm.vendor" value="Oracle Corporation"/>
    <property name="sun.arch.data.model" value="64"/>
    <property name="java.vendor.url" value="http://java.oracle.com/"/>
    <property name="user.timezone" value="Asia/Kolkata"/>
    <property name="java.vm.specification.version" value="1.8"/>
    <property name="os.name" value="Mac OS X"/>
    <property name="user.country" value="US"/>
    <property name="sun.java.launcher" value="SUN_STANDARD"/>
    <property name="sun.boot.library.path" value="/Library/Java/JavaVirtualMachines/jdk1.8.0_45.jdk/Contents/Home/jre/lib"/>
    <property name="sun.java.command" value="/Users/dheerajgambhir/eclipse-workspace/ER2/ERParallel/target/surefire/surefirebooter2285642053108222735.jar /Users/dheerajgambhir/eclipse-workspace/ER2/ERParallel/target/surefire 2020-06-02T16-37-13_215-jvmRun1 surefire8553673304841919084tmp surefire_05881990346438477450tmp"/>
    <property name="http.nonProxyHosts" value="local|*.local|169.254/16|*.169.254/16"/>
    <property name="surefire.test.class.path" value="/Users/dheerajgambhir/eclipse-workspace/ER2/ERParallel/target/test-classes:/Users/dheerajgambhir/eclipse-workspace/ER2/ERParallel/target/classes:/Users/dheerajgambhir/.m2/repository/com/aventstack/extentreports/4.1.5/extentreports-4.1.5.jar:/Users/dheerajgambhir/.m2/repository/org/freemarker/freemarker/2.3.29/freemarker-2.3.29.jar:/Users/dheerajgambhir/.m2/repository/org/apache/httpcomponents/httpclient/4.5.2/httpclient-4.5.2.jar:/Users/dheerajgambhir/.m2/repository/org/apache/httpcomponents/httpcore/4.4.4/httpcore-4.4.4.jar:/Users/dheerajgambhir/.m2/repository/commons-logging/commons-logging/1.2/commons-logging-1.2.jar:/Users/dheerajgambhir/.m2/repository/commons-codec/commons-codec/1.9/commons-codec-1.9.jar:/Users/dheerajgambhir/.m2/repository/org/apache/httpcomponents/httpmime/4.5.2/httpmime-4.5.2.jar:/Users/dheerajgambhir/.m2/repository/com/google/code/gson/gson/2.8.6/gson-2.8.6.jar:/Users/dheerajgambhir/.m2/repository/org/mongodb/mongodb-driver/3.12.0/mongodb-driver-3.12.0.jar:/Users/dheerajgambhir/.m2/repository/org/mongodb/mongodb-driver-core/3.12.0/mongodb-driver-core-3.12.0.jar:/Users/dheerajgambhir/.m2/repository/org/mongodb/bson/3.12.0/bson-3.12.0.jar:/Users/dheerajgambhir/.m2/repository/org/testng/testng/6.14.2/testng-6.14.2.jar:/Users/dheerajgambhir/.m2/repository/com/beust/jcommander/1.72/jcommander-1.72.jar:/Users/dheerajgambhir/.m2/repository/org/apache-extras/beanshell/bsh/2.0b6/bsh-2.0b6.jar:/Users/dheerajgambhir/.m2/repository/commons-io/commons-io/2.7/commons-io-2.7.jar:/Users/dheerajgambhir/.m2/repository/org/seleniumhq/selenium/selenium-java/4.0.0-alpha-6/selenium-java-4.0.0-alpha-6.jar:/Users/dheerajgambhir/.m2/repository/org/seleniumhq/selenium/selenium-api/4.0.0-alpha-6/selenium-api-4.0.0-alpha-6.jar:/Users/dheerajgambhir/.m2/repository/org/seleniumhq/selenium/selenium-chrome-driver/4.0.0-alpha-6/selenium-chrome-driver-4.0.0-alpha-6.jar:/Users/dheerajgambhir/.m2/repository/com/google/auto/service/auto-service-annotations/1.0-rc6/auto-service-annotations-1.0-rc6.jar:/Users/dheerajgambhir/.m2/repository/com/google/auto/service/auto-service/1.0-rc6/auto-service-1.0-rc6.jar:/Users/dheerajgambhir/.m2/repository/com/google/auto/auto-common/0.10/auto-common-0.10.jar:/Users/dheerajgambhir/.m2/repository/com/google/guava/guava/29.0-jre/guava-29.0-jre.jar:/Users/dheerajgambhir/.m2/repository/com/google/guava/failureaccess/1.0.1/failureaccess-1.0.1.jar:/Users/dheerajgambhir/.m2/repository/com/google/guava/listenablefuture/9999.0-empty-to-avoid-conflict-with-guava/listenablefuture-9999.0-empty-to-avoid-conflict-with-guava.jar:/Users/dheerajgambhir/.m2/repository/com/google/code/findbugs/jsr305/3.0.2/jsr305-3.0.2.jar:/Users/dheerajgambhir/.m2/repository/org/checkerframework/checker-qual/2.11.1/checker-qual-2.11.1.jar:/Users/dheerajgambhir/.m2/repository/com/google/errorprone/error_prone_annotations/2.3.4/error_prone_annotations-2.3.4.jar:/Users/dheerajgambhir/.m2/repository/com/google/j2objc/j2objc-annotations/1.3/j2objc-annotations-1.3.jar:/Users/dheerajgambhir/.m2/repository/org/seleniumhq/selenium/selenium-chromium-driver/4.0.0-alpha-6/selenium-chromium-driver-4.0.0-alpha-6.jar:/Users/dheerajgambhir/.m2/repository/org/seleniumhq/selenium/selenium-devtools/4.0.0-alpha-6/selenium-devtools-4.0.0-alpha-6.jar:/Users/dheerajgambhir/.m2/repository/org/seleniumhq/selenium/selenium-http/4.0.0-alpha-6/selenium-http-4.0.0-alpha-6.jar:/Users/dheerajgambhir/.m2/repository/org/seleniumhq/selenium/selenium-json/4.0.0-alpha-6/selenium-json-4.0.0-alpha-6.jar:/Users/dheerajgambhir/.m2/repository/org/seleniumhq/selenium/selenium-edge-driver/4.0.0-alpha-6/selenium-edge-driver-4.0.0-alpha-6.jar:/Users/dheerajgambhir/.m2/repository/org/seleniumhq/selenium/selenium-edgehtml-driver/4.0.0-alpha-6/selenium-edgehtml-driver-4.0.0-alpha-6.jar:/Users/dheerajgambhir/.m2/repository/org/seleniumhq/selenium/selenium-firefox-driver/4.0.0-alpha-6/selenium-firefox-driver-4.0.0-alpha-6.jar:/Users/dheerajgambhir/.m2/repository/org/seleniumhq/selenium/selenium-firefox-xpi-driver/4.0.0-alpha-6/selenium-firefox-xpi-driver-4.0.0-alpha-6.jar:/Users/dheerajgambhir/.m2/repository/org/seleniumhq/selenium/selenium-ie-driver/4.0.0-alpha-6/selenium-ie-driver-4.0.0-alpha-6.jar:/Users/dheerajgambhir/.m2/repository/org/seleniumhq/selenium/selenium-opera-driver/4.0.0-alpha-6/selenium-opera-driver-4.0.0-alpha-6.jar:/Users/dheerajgambhir/.m2/repository/org/seleniumhq/selenium/selenium-remote-driver/4.0.0-alpha-6/selenium-remote-driver-4.0.0-alpha-6.jar:/Users/dheerajgambhir/.m2/repository/com/squareup/okhttp3/okhttp/4.5.0/okhttp-4.5.0.jar:/Users/dheerajgambhir/.m2/repository/org/jetbrains/kotlin/kotlin-stdlib/1.3.70/kotlin-stdlib-1.3.70.jar:/Users/dheerajgambhir/.m2/repository/org/jetbrains/annotations/13.0/annotations-13.0.jar:/Users/dheerajgambhir/.m2/repository/com/squareup/okio/okio/2.6.0/okio-2.6.0.jar:/Users/dheerajgambhir/.m2/repository/org/jetbrains/kotlin/kotlin-stdlib-common/1.3.70/kotlin-stdlib-common-1.3.70.jar:/Users/dheerajgambhir/.m2/repository/com/typesafe/netty/netty-reactive-streams/2.0.4/netty-reactive-streams-2.0.4.jar:/Users/dheerajgambhir/.m2/repository/io/netty/netty-handler/4.1.43.Final/netty-handler-4.1.43.Final.jar:/Users/dheerajgambhir/.m2/repository/org/reactivestreams/reactive-streams/1.0.3/reactive-streams-1.0.3.jar:/Users/dheerajgambhir/.m2/repository/io/grpc/grpc-context/1.28.0/grpc-context-1.28.0.jar:/Users/dheerajgambhir/.m2/repository/io/netty/netty-buffer/4.1.49.Final/netty-buffer-4.1.49.Final.jar:/Users/dheerajgambhir/.m2/repository/io/netty/netty-common/4.1.49.Final/netty-common-4.1.49.Final.jar:/Users/dheerajgambhir/.m2/repository/io/netty/netty-codec-http/4.1.49.Final/netty-codec-http-4.1.49.Final.jar:/Users/dheerajgambhir/.m2/repository/io/netty/netty-codec/4.1.49.Final/netty-codec-4.1.49.Final.jar:/Users/dheerajgambhir/.m2/repository/io/netty/netty-transport-native-epoll/4.1.49.Final/netty-transport-native-epoll-4.1.49.Final.jar:/Users/dheerajgambhir/.m2/repository/io/netty/netty-transport-native-epoll/4.1.49.Final/netty-transport-native-epoll-4.1.49.Final-linux-x86_64.jar:/Users/dheerajgambhir/.m2/repository/io/netty/netty-transport-native-kqueue/4.1.49.Final/netty-transport-native-kqueue-4.1.49.Final.jar:/Users/dheerajgambhir/.m2/repository/io/netty/netty-transport-native-kqueue/4.1.49.Final/netty-transport-native-kqueue-4.1.49.Final-osx-x86_64.jar:/Users/dheerajgambhir/.m2/repository/io/netty/netty-transport-native-unix-common/4.1.49.Final/netty-transport-native-unix-common-4.1.49.Final.jar:/Users/dheerajgambhir/.m2/repository/io/netty/netty-transport/4.1.49.Final/netty-transport-4.1.49.Final.jar:/Users/dheerajgambhir/.m2/repository/io/netty/netty-resolver/4.1.49.Final/netty-resolver-4.1.49.Final.jar:/Users/dheerajgambhir/.m2/repository/io/opentelemetry/opentelemetry-api/0.4.0/opentelemetry-api-0.4.0.jar:/Users/dheerajgambhir/.m2/repository/io/opentelemetry/opentelemetry-context-prop/0.4.0/opentelemetry-context-prop-0.4.0.jar:/Users/dheerajgambhir/.m2/repository/io/opentelemetry/opentelemetry-sdk/0.4.0/opentelemetry-sdk-0.4.0.jar:/Users/dheerajgambhir/.m2/repository/io/projectreactor/netty/reactor-netty/0.9.6.RELEASE/reactor-netty-0.9.6.RELEASE.jar:/Users/dheerajgambhir/.m2/repository/io/netty/netty-codec-http2/4.1.48.Final/netty-codec-http2-4.1.48.Final.jar:/Users/dheerajgambhir/.m2/repository/io/netty/netty-handler-proxy/4.1.48.Final/netty-handler-proxy-4.1.48.Final.jar:/Users/dheerajgambhir/.m2/repository/io/projectreactor/reactor-core/3.3.5.RELEASE/reactor-core-3.3.5.RELEASE.jar:/Users/dheerajgambhir/.m2/repository/net/bytebuddy/byte-buddy/1.10.9/byte-buddy-1.10.9.jar:/Users/dheerajgambhir/.m2/repository/org/apache/commons/commons-exec/1.3/commons-exec-1.3.jar:/Users/dheerajgambhir/.m2/repository/org/asynchttpclient/async-http-client/2.12.1/async-http-client-2.12.1.jar:/Users/dheerajgambhir/.m2/repository/org/asynchttpclient/async-http-client-netty-utils/2.12.1/async-http-client-netty-utils-2.12.1.jar:/Users/dheerajgambhir/.m2/repository/io/netty/netty-codec-socks/4.1.48.Final/netty-codec-socks-4.1.48.Final.jar:/Users/dheerajgambhir/.m2/repository/com/sun/activation/javax.activation/1.2.0/javax.activation-1.2.0.jar:/Users/dheerajgambhir/.m2/repository/org/seleniumhq/selenium/selenium-safari-driver/4.0.0-alpha-6/selenium-safari-driver-4.0.0-alpha-6.jar:/Users/dheerajgambhir/.m2/repository/org/seleniumhq/selenium/selenium-support/4.0.0-alpha-6/selenium-support-4.0.0-alpha-6.jar:/Users/dheerajgambhir/.m2/repository/io/github/bonigarcia/webdrivermanager/4.0.0/webdrivermanager-4.0.0.jar:/Users/dheerajgambhir/.m2/repository/org/slf4j/slf4j-api/1.7.30/slf4j-api-1.7.30.jar:/Users/dheerajgambhir/.m2/repository/org/apache/commons/commons-lang3/3.10/commons-lang3-3.10.jar:/Users/dheerajgambhir/.m2/repository/org/apache/httpcomponents/client5/httpclient5/5.0/httpclient5-5.0.jar:/Users/dheerajgambhir/.m2/repository/org/apache/httpcomponents/core5/httpcore5/5.0/httpcore5-5.0.jar:/Users/dheerajgambhir/.m2/repository/org/apache/httpcomponents/core5/httpcore5-h2/5.0/httpcore5-h2-5.0.jar:/Users/dheerajgambhir/.m2/repository/org/rauschig/jarchivelib/1.0.0/jarchivelib-1.0.0.jar:/Users/dheerajgambhir/.m2/repository/org/apache/commons/commons-compress/1.18/commons-compress-1.18.jar:/Users/dheerajgambhir/.m2/repository/org/jsoup/jsoup/1.13.1/jsoup-1.13.1.jar:/Users/dheerajgambhir/.m2/repository/javax/annotation/javax.annotation-api/1.2/javax.annotation-api-1.2.jar:/Users/dheerajgambhir/.m2/repository/org/apache/maven/surefire/surefire-testng-utils/2.22.0/surefire-testng-utils-2.22.0.jar:/Users/dheerajgambhir/.m2/repository/org/apache/maven/surefire/surefire-grouper/2.22.0/surefire-grouper-2.22.0.jar:"/>
    <property name="sun.cpu.endian" value="little"/>
    <property name="user.home" value="/Users/dheerajgambhir"/>
    <property name="user.language" value="en"/>
    <property name="java.specification.vendor" value="Oracle Corporation"/>
    <property name="java.home" value="/Library/Java/JavaVirtualMachines/jdk1.8.0_45.jdk/Contents/Home/jre"/>
    <property name="basedir" value="/Users/dheerajgambhir/eclipse-workspace/ER2/ERParallel"/>
    <property name="file.separator" value="/"/>
    <property name="line.separator" value="&#10;"/>
    <property name="java.vm.specification.vendor" value="Oracle Corporation"/>
    <property name="java.specification.name" value="Java Platform API Specification"/>
    <property name="java.awt.graphicsenv" value="sun.awt.CGraphicsEnvironment"/>
    <property name="surefire.real.class.path" value="/Users/dheerajgambhir/eclipse-workspace/ER2/ERParallel/target/surefire/surefirebooter2285642053108222735.jar"/>
    <property name="sun.boot.class.path" value="/Library/Java/JavaVirtualMachines/jdk1.8.0_45.jdk/Contents/Home/jre/lib/resources.jar:/Library/Java/JavaVirtualMachines/jdk1.8.0_45.jdk/Contents/Home/jre/lib/rt.jar:/Library/Java/JavaVirtualMachines/jdk1.8.0_45.jdk/Contents/Home/jre/lib/sunrsasign.jar:/Library/Java/JavaVirtualMachines/jdk1.8.0_45.jdk/Contents/Home/jre/lib/jsse.jar:/Library/Java/JavaVirtualMachines/jdk1.8.0_45.jdk/Contents/Home/jre/lib/jce.jar:/Library/Java/JavaVirtualMachines/jdk1.8.0_45.jdk/Contents/Home/jre/lib/charsets.jar:/Library/Java/JavaVirtualMachines/jdk1.8.0_45.jdk/Contents/Home/jre/lib/jfr.jar:/Library/Java/JavaVirtualMachines/jdk1.8.0_45.jdk/Contents/Home/jre/classes"/>
    <property name="sun.management.compiler" value="HotSpot 64-Bit Tiered Compilers"/>
    <property name="ftp.nonProxyHosts" value="local|*.local|169.254/16|*.169.254/16"/>
    <property name="java.runtime.version" value="1.8.0_45-b14"/>
    <property name="user.name" value="dheerajgambhir"/>
    <property name="path.separator" value=":"/>
    <property name="os.version" value="10.15.3"/>
    <property name="java.endorsed.dirs" value="/Library/Java/JavaVirtualMachines/jdk1.8.0_45.jdk/Contents/Home/jre/lib/endorsed"/>
    <property name="java.runtime.name" value="Java(TM) SE Runtime Environment"/>
    <property name="file.encoding" value="UTF-8"/>
    <property name="java.vm.name" value="Java HotSpot(TM) 64-Bit Server VM"/>
    <property name="localRepository" value="/Users/dheerajgambhir/.m2/repository"/>
    <property name="java.vendor.url.bug" value="http://bugreport.sun.com/bugreport/"/>
    <property name="java.io.tmpdir" value="/var/folders/0h/w20q5grx0mgbbsdn1vjd9g600000gp/T/"/>
    <property name="java.version" value="1.8.0_45"/>
    <property name="user.dir" value="/Users/dheerajgambhir/eclipse-workspace/ER2/ERParallel"/>
    <property name="os.arch" value="x86_64"/>
    <property name="java.vm.specification.name" value="Java Virtual Machine Specification"/>
    <property name="java.awt.printerjob" value="sun.lwawt.macosx.CPrinterJob"/>
    <property name="sun.os.patch.level" value="unknown"/>
    <property name="java.library.path" value="/Users/dheerajgambhir/Library/Java/Extensions:/Library/Java/Extensions:/Network/Library/Java/Extensions:/System/Library/Java/Extensions:/usr/lib/java:."/>
    <property name="java.vm.info" value="mixed mode"/>
    <property name="java.vendor" value="Oracle Corporation"/>
    <property name="java.vm.version" value="25.45-b02"/>
    <property name="java.ext.dirs" value="/Users/dheerajgambhir/Library/Java/Extensions:/Library/Java/JavaVirtualMachines/jdk1.8.0_45.jdk/Contents/Home/jre/lib/ext:/Library/Java/Extensions:/Network/Library/Java/Extensions:/System/Library/Java/Extensions:/usr/lib/java"/>
    <property name="sun.io.unicode.encoding" value="UnicodeBig"/>
    <property name="java.class.version" value="52.0"/>
    <property name="socksNonProxyHosts" value="local|*.local|169.254/16|*.169.254/16"/>
  </properties>
  <testcase name="testGoogle" classname="ER.ER.EReport2" time="14.977"/>
  <testcase name="testYahoo" classname="ER.ER.EReport3" time="20.384">
    <failure message="expected [false] but found [true]" type="java.lang.AssertionError">java.lang.AssertionError: expected [false] but found [true]
	at ER.ER.EReport3.testYahoo(EReport3.java:19)
</failure>
    <system-out><![CDATA[Yahoo India | News, Finance, Cricket, Lifestyle and Entertainment
]]></system-out>
  </testcase>
  <testcase name="testYouTube" classname="ER.ER.EReport1" time="29.476"/>
</testsuite>