<?xml version="1.0" encoding="UTF-8"?>
<!-- Generated by org.testng.reporters.JUnitReportReporter -->
<testsuite skipped="0" hostname="110336mba.local" name="ER.ER.EReport2" tests="1" failures="0" timestamp="02 Jun 2020 11:07:48 GMT" time="14.971" errors="0">
  <testcase name="testGoogle" time="14.971" classname="ER.ER.EReport2"/>
</testsuite> <!-- ER.ER.EReport2 -->
